   1               		.file	"debug.c"
   2               	__SREG__ = 0x3f
   3               	__SP_H__ = 0x3e
   4               	__SP_L__ = 0x3d
   5               	__CCP__  = 0x34
   6               	__tmp_reg__ = 0
   7               	__zero_reg__ = 1
   8               		.global __do_copy_data
   9               		.global __do_clear_bss
DEFINED SYMBOLS
                            *ABS*:0000000000000000 debug.c
     /tmp/cckyzwfe.s:2      *ABS*:000000000000003f __SREG__
     /tmp/cckyzwfe.s:3      *ABS*:000000000000003e __SP_H__
     /tmp/cckyzwfe.s:4      *ABS*:000000000000003d __SP_L__
     /tmp/cckyzwfe.s:5      *ABS*:0000000000000034 __CCP__
     /tmp/cckyzwfe.s:6      *ABS*:0000000000000000 __tmp_reg__
     /tmp/cckyzwfe.s:7      *ABS*:0000000000000001 __zero_reg__

UNDEFINED SYMBOLS
__do_copy_data
__do_clear_bss
